<?xml version="1.0" encoding="UTF-8"?>
<!-- Generated by org.testng.reporters.JUnitReportReporter -->
<testsuite hostname="DESKTOP-PO3T4V3" failures="0" tests="1" name="testCases.CraftBet_004_CasinoSameNameCopyGames_Test" time="21.070" errors="0" timestamp="2022-10-03T12:35:01 AMT" skipped="0">
  <testcase classname="testCases.CraftBet_004_CasinoSameNameCopyGames_Test" name="getDuplicateGames" time="21.070"/>
  <system-out/>
</testsuite> <!-- testCases.CraftBet_004_CasinoSameNameCopyGames_Test -->
